{"name": "Login to Orange HRM with valid parameters", "status": "broken", "statusDetails": {"message": "selenium.common.exceptions.NoSuchElementException: Message: no such element: Unable to locate element: {\"method\":\"css selector\",\"selector\":\"[id=\"txtuser\"]\"}\n  (Session info: chrome=99.0.4844.84)\nStacktrace:\nBacktrace:\n\tOrdinal0 [0x012269A3+2582947]\n\tOrdinal0 [0x011BA6D1+2139857]\n\tOrdinal0 [0x010B3A98+1063576]\n\tOrdinal0 [0x010DFF3E+1244990]\n\tOrdinal0 [0x010E013B+1245499]\n\tOrdinal0 [0x01109F52+1417042]\n\tOrdinal0 [0x010F8594+1344916]\n\tOrdinal0 [0x0110834A+1409866]\n\tOrdinal0 [0x010F8366+1344358]\n\tOrdinal0 [0x010D5176+1200502]\n\tOrdinal0 [0x010D6066+1204326]\n\tGetHandleVerifier [0x013CBE02+1675858]\n\tGetHandleVerifier [0x0148036C+2414524]\n\tGetHandleVerifier [0x012BBB01+560977]\n\tGetHandleVerifier [0x012BA8D3+556323]\n\tOrdinal0 [0x011C020E+2163214]\n\tOrdinal0 [0x011C5078+2183288]\n\tOrdinal0 [0x011C51C0+2183616]\n\tOrdinal0 [0x011CEE1C+2223644]\n\tBaseThreadInitThunk [0x7639FA29+25]\n\tRtlGetAppContainerNamedObjectPath [0x77017A7E+286]\n\tRtlGetAppContainerNamedObjectPath [0x77017A4E+238]\n\n", "trace": "  File \"c:\\users\\lilbett\\pycharmprojects\\pythonproject\\venv\\lib\\site-packages\\behave\\model.py\", line 1329, in run\n    match.run(runner.context)\n  File \"c:\\users\\lilbett\\pycharmprojects\\pythonproject\\venv\\lib\\site-packages\\behave\\matchers.py\", line 98, in run\n    self.func(context, *args, **kwargs)\n  File \"features\\steps\\loginsteps.py\", line 17, in step_impl\n    context.driver.find_element_by_id(\"txtuser\").send_keys(user)\n  File \"c:\\users\\lilbett\\pycharmprojects\\pythonproject\\venv\\lib\\site-packages\\selenium\\webdriver\\remote\\webdriver.py\", line 473, in find_element_by_id\n    return self.find_element(by=By.ID, value=id_)\n  File \"c:\\users\\lilbett\\pycharmprojects\\pythonproject\\venv\\lib\\site-packages\\selenium\\webdriver\\remote\\webdriver.py\", line 1248, in find_element\n    return self.execute(Command.FIND_ELEMENT, {\n  File \"c:\\users\\lilbett\\pycharmprojects\\pythonproject\\venv\\lib\\site-packages\\selenium\\webdriver\\remote\\webdriver.py\", line 425, in execute\n    self.error_handler.check_response(response)\n  File \"c:\\users\\lilbett\\pycharmprojects\\pythonproject\\venv\\lib\\site-packages\\selenium\\webdriver\\remote\\errorhandler.py\", line 247, in check_response\n    raise exception_class(message, screen, stacktrace)\n"}, "steps": [{"name": "Given I launch chrome browser", "status": "passed", "start": 1648719562239, "stop": 1648719563913}, {"name": "When I open Orange HRM Homepage", "status": "passed", "start": 1648719563913, "stop": 1648719569413}, {"name": "And Enter username \"admin\" and password \"admin123\"", "status": "broken", "statusDetails": {"message": "selenium.common.exceptions.NoSuchElementException: Message: no such element: Unable to locate element: {\"method\":\"css selector\",\"selector\":\"[id=\"txtuser\"]\"}\n  (Session info: chrome=99.0.4844.84)\nStacktrace:\nBacktrace:\n\tOrdinal0 [0x012269A3+2582947]\n\tOrdinal0 [0x011BA6D1+2139857]\n\tOrdinal0 [0x010B3A98+1063576]\n\tOrdinal0 [0x010DFF3E+1244990]\n\tOrdinal0 [0x010E013B+1245499]\n\tOrdinal0 [0x01109F52+1417042]\n\tOrdinal0 [0x010F8594+1344916]\n\tOrdinal0 [0x0110834A+1409866]\n\tOrdinal0 [0x010F8366+1344358]\n\tOrdinal0 [0x010D5176+1200502]\n\tOrdinal0 [0x010D6066+1204326]\n\tGetHandleVerifier [0x013CBE02+1675858]\n\tGetHandleVerifier [0x0148036C+2414524]\n\tGetHandleVerifier [0x012BBB01+560977]\n\tGetHandleVerifier [0x012BA8D3+556323]\n\tOrdinal0 [0x011C020E+2163214]\n\tOrdinal0 [0x011C5078+2183288]\n\tOrdinal0 [0x011C51C0+2183616]\n\tOrdinal0 [0x011CEE1C+2223644]\n\tBaseThreadInitThunk [0x7639FA29+25]\n\tRtlGetAppContainerNamedObjectPath [0x77017A7E+286]\n\tRtlGetAppContainerNamedObjectPath [0x77017A4E+238]\n\n", "trace": "  File \"c:\\users\\lilbett\\pycharmprojects\\pythonproject\\venv\\lib\\site-packages\\behave\\model.py\", line 1329, in run\n    match.run(runner.context)\n  File \"c:\\users\\lilbett\\pycharmprojects\\pythonproject\\venv\\lib\\site-packages\\behave\\matchers.py\", line 98, in run\n    self.func(context, *args, **kwargs)\n  File \"features\\steps\\loginsteps.py\", line 17, in step_impl\n    context.driver.find_element_by_id(\"txtuser\").send_keys(user)\n  File \"c:\\users\\lilbett\\pycharmprojects\\pythonproject\\venv\\lib\\site-packages\\selenium\\webdriver\\remote\\webdriver.py\", line 473, in find_element_by_id\n    return self.find_element(by=By.ID, value=id_)\n  File \"c:\\users\\lilbett\\pycharmprojects\\pythonproject\\venv\\lib\\site-packages\\selenium\\webdriver\\remote\\webdriver.py\", line 1248, in find_element\n    return self.execute(Command.FIND_ELEMENT, {\n  File \"c:\\users\\lilbett\\pycharmprojects\\pythonproject\\venv\\lib\\site-packages\\selenium\\webdriver\\remote\\webdriver.py\", line 425, in execute\n    self.error_handler.check_response(response)\n  File \"c:\\users\\lilbett\\pycharmprojects\\pythonproject\\venv\\lib\\site-packages\\selenium\\webdriver\\remote\\errorhandler.py\", line 247, in check_response\n    raise exception_class(message, screen, stacktrace)\n"}, "start": 1648719569413, "stop": 1648719569437}, {"name": "And Click login button", "status": "skipped", "start": 1648719569439, "stop": 1648719569439}, {"name": "Then User must successfully login to the Dashboard page", "status": "skipped", "start": 1648719569439, "stop": 1648719569439}], "start": 1648719562189, "stop": 1648719569439, "uuid": "b085d6ac-789f-413b-9080-5907dcb750b1", "historyId": "5c4642dc303dcaecb53272d06f0372ea", "fullName": "Orange Hrm Login: Login to Orange HRM with valid parameters", "labels": [{"name": "severity", "value": "normal"}, {"name": "feature", "value": "Orange Hrm Login"}, {"name": "framework", "value": "behave"}, {"name": "language", "value": "cpython3"}]}