{"name": "Login to Orange HRM with valid parameters", "status": "broken", "statusDetails": {"message": "selenium.common.exceptions.NoSuchElementException: Message: no such element: Unable to locate element: {\"method\":\"css selector\",\"selector\":\"[id=\"txtuser\"]\"}\n  (Session info: chrome=99.0.4844.51)\nStacktrace:\nBacktrace:\n\tOrdinal0 [0x00AC69A3+2582947]\n\tOrdinal0 [0x00A5A6D1+2139857]\n\tOrdinal0 [0x00953A98+1063576]\n\tOrdinal0 [0x0097FF3E+1244990]\n\tOrdinal0 [0x0098013B+1245499]\n\tOrdinal0 [0x009A9F52+1417042]\n\tOrdinal0 [0x00998594+1344916]\n\tOrdinal0 [0x009A834A+1409866]\n\tOrdinal0 [0x00998366+1344358]\n\tOrdinal0 [0x00975176+1200502]\n\tOrdinal0 [0x00976066+1204326]\n\tGetHandleVerifier [0x00C6BE02+1675858]\n\tGetHandleVerifier [0x00D2036C+2414524]\n\tGetHandleVerifier [0x00B5BB01+560977]\n\tGetHandleVerifier [0x00B5A8D3+556323]\n\tOrdinal0 [0x00A6020E+2163214]\n\tOrdinal0 [0x00A65078+2183288]\n\tOrdinal0 [0x00A651C0+2183616]\n\tOrdinal0 [0x00A6EE1C+2223644]\n\tBaseThreadInitThunk [0x7577FA29+25]\n\tRtlGetAppContainerNamedObjectPath [0x76F57A9E+286]\n\tRtlGetAppContainerNamedObjectPath [0x76F57A6E+238]\n\n", "trace": "  File \"c:\\users\\lilbett\\pycharmprojects\\pythonproject\\venv\\lib\\site-packages\\behave\\model.py\", line 1329, in run\n    match.run(runner.context)\n  File \"c:\\users\\lilbett\\pycharmprojects\\pythonproject\\venv\\lib\\site-packages\\behave\\matchers.py\", line 98, in run\n    self.func(context, *args, **kwargs)\n  File \"features\\steps\\loginsteps.py\", line 17, in step_impl\n    context.driver.find_element_by_id(\"txtuser\").send_keys(user)\n  File \"c:\\users\\lilbett\\pycharmprojects\\pythonproject\\venv\\lib\\site-packages\\selenium\\webdriver\\remote\\webdriver.py\", line 473, in find_element_by_id\n    return self.find_element(by=By.ID, value=id_)\n  File \"c:\\users\\lilbett\\pycharmprojects\\pythonproject\\venv\\lib\\site-packages\\selenium\\webdriver\\remote\\webdriver.py\", line 1248, in find_element\n    return self.execute(Command.FIND_ELEMENT, {\n  File \"c:\\users\\lilbett\\pycharmprojects\\pythonproject\\venv\\lib\\site-packages\\selenium\\webdriver\\remote\\webdriver.py\", line 425, in execute\n    self.error_handler.check_response(response)\n  File \"c:\\users\\lilbett\\pycharmprojects\\pythonproject\\venv\\lib\\site-packages\\selenium\\webdriver\\remote\\errorhandler.py\", line 247, in check_response\n    raise exception_class(message, screen, stacktrace)\n"}, "steps": [{"name": "Given I launch chrome browser", "status": "passed", "start": 1646638155327, "stop": 1646638157013}, {"name": "When I open Orange HRM Homepage", "status": "passed", "start": 1646638157013, "stop": 1646638162187}, {"name": "And Enter username \"admin\" and password \"admin123\"", "status": "broken", "statusDetails": {"message": "selenium.common.exceptions.NoSuchElementException: Message: no such element: Unable to locate element: {\"method\":\"css selector\",\"selector\":\"[id=\"txtuser\"]\"}\n  (Session info: chrome=99.0.4844.51)\nStacktrace:\nBacktrace:\n\tOrdinal0 [0x00AC69A3+2582947]\n\tOrdinal0 [0x00A5A6D1+2139857]\n\tOrdinal0 [0x00953A98+1063576]\n\tOrdinal0 [0x0097FF3E+1244990]\n\tOrdinal0 [0x0098013B+1245499]\n\tOrdinal0 [0x009A9F52+1417042]\n\tOrdinal0 [0x00998594+1344916]\n\tOrdinal0 [0x009A834A+1409866]\n\tOrdinal0 [0x00998366+1344358]\n\tOrdinal0 [0x00975176+1200502]\n\tOrdinal0 [0x00976066+1204326]\n\tGetHandleVerifier [0x00C6BE02+1675858]\n\tGetHandleVerifier [0x00D2036C+2414524]\n\tGetHandleVerifier [0x00B5BB01+560977]\n\tGetHandleVerifier [0x00B5A8D3+556323]\n\tOrdinal0 [0x00A6020E+2163214]\n\tOrdinal0 [0x00A65078+2183288]\n\tOrdinal0 [0x00A651C0+2183616]\n\tOrdinal0 [0x00A6EE1C+2223644]\n\tBaseThreadInitThunk [0x7577FA29+25]\n\tRtlGetAppContainerNamedObjectPath [0x76F57A9E+286]\n\tRtlGetAppContainerNamedObjectPath [0x76F57A6E+238]\n\n", "trace": "  File \"c:\\users\\lilbett\\pycharmprojects\\pythonproject\\venv\\lib\\site-packages\\behave\\model.py\", line 1329, in run\n    match.run(runner.context)\n  File \"c:\\users\\lilbett\\pycharmprojects\\pythonproject\\venv\\lib\\site-packages\\behave\\matchers.py\", line 98, in run\n    self.func(context, *args, **kwargs)\n  File \"features\\steps\\loginsteps.py\", line 17, in step_impl\n    context.driver.find_element_by_id(\"txtuser\").send_keys(user)\n  File \"c:\\users\\lilbett\\pycharmprojects\\pythonproject\\venv\\lib\\site-packages\\selenium\\webdriver\\remote\\webdriver.py\", line 473, in find_element_by_id\n    return self.find_element(by=By.ID, value=id_)\n  File \"c:\\users\\lilbett\\pycharmprojects\\pythonproject\\venv\\lib\\site-packages\\selenium\\webdriver\\remote\\webdriver.py\", line 1248, in find_element\n    return self.execute(Command.FIND_ELEMENT, {\n  File \"c:\\users\\lilbett\\pycharmprojects\\pythonproject\\venv\\lib\\site-packages\\selenium\\webdriver\\remote\\webdriver.py\", line 425, in execute\n    self.error_handler.check_response(response)\n  File \"c:\\users\\lilbett\\pycharmprojects\\pythonproject\\venv\\lib\\site-packages\\selenium\\webdriver\\remote\\errorhandler.py\", line 247, in check_response\n    raise exception_class(message, screen, stacktrace)\n"}, "start": 1646638162188, "stop": 1646638162203}, {"name": "And Click login button", "status": "skipped", "start": 1646638162204, "stop": 1646638162204}, {"name": "Then User must successfully login to the Dashboard page", "status": "skipped", "start": 1646638162204, "stop": 1646638162204}], "start": 1646638155323, "stop": 1646638162204, "uuid": "16c86141-e881-4d35-98f0-6f602b17a638", "historyId": "5c4642dc303dcaecb53272d06f0372ea", "fullName": "Orange Hrm Login: Login to Orange HRM with valid parameters", "labels": [{"name": "severity", "value": "normal"}, {"name": "feature", "value": "Orange Hrm Login"}, {"name": "framework", "value": "behave"}, {"name": "language", "value": "cpython3"}]}